[2022-11-27 04:10:18,119] multiqc                                            [DEBUG  ]  This is MultiQC v1.12 (50c25b3)
[2022-11-27 04:10:18,120] multiqc                                            [DEBUG  ]  No MultiQC config found: /Users/loictalignani/snakemake-models/shave2/.snakemake/conda/6ce6d4ff60ab104fb5c41a6293cac866/lib/python3.10/site-packages/multiqc_config.yaml
[2022-11-27 04:10:18,120] multiqc                                            [DEBUG  ]  No MultiQC config found: /Users/loictalignani/.multiqc_config.yaml
[2022-11-27 04:10:18,120] multiqc                                            [DEBUG  ]  No MultiQC config found: multiqc_config.yaml
[2022-11-27 04:10:18,120] multiqc                                            [DEBUG  ]  Command used: /Users/loictalignani/snakemake-models/shave2/.snakemake/conda/6ce6d4ff60ab104fb5c41a6293cac866/bin/multiqc --quiet --outdir results/00_Quality_Control/multiqc results/00_Quality_Control/fastqc results/00_Quality_Control/fastq-screen --no-ansi
[2022-11-27 04:10:26,588] multiqc                                            [DEBUG  ]  Could not connect to multiqc.info for version check: <urlopen error timed out>
[2022-11-27 04:10:26,589] multiqc                                            [DEBUG  ]  Command     : /Users/loictalignani/snakemake-models/shave2/.snakemake/conda/6ce6d4ff60ab104fb5c41a6293cac866/bin/multiqc --quiet --outdir results/00_Quality_Control/multiqc results/00_Quality_Control/fastqc results/00_Quality_Control/fastq-screen --no-ansi
[2022-11-27 04:10:26,589] multiqc                                            [DEBUG  ]  Working dir : /Users/loictalignani/snakemake-models/shave2
[2022-11-27 04:10:26,589] multiqc                                            [DEBUG  ]  Template    : default
[2022-11-27 04:10:26,590] multiqc                                            [DEBUG  ]  Running Python 3.10.5 | packaged by conda-forge | (main, Jun 14 2022, 07:03:09) [Clang 13.0.1 ]
[2022-11-27 04:10:26,591] multiqc                                            [DEBUG  ]  Analysing modules: custom_content, ccs, ngsderive, purple, conpair, lima, peddy, somalier, methylQA, mosdepth, phantompeakqualtools, qualimap, preseq, quast, qorts, rna_seqc, rockhopper, rsem, rseqc, busco, bustools, goleft_indexcov, gffcompare, disambiguate, supernova, deeptools, sargasso, verifybamid, mirtrace, happy, mirtop, sambamba, homer, hops, macs2, theta2, snpeff, gatk, htseq, bcftools, featureCounts, fgbio, dragen, dedup, pbmarkdup, damageprofiler, biobambam2, jcvi, mtnucratio, picard, vep, sentieon, prokka, qc3C, nanostat, samblaster, samtools, sexdeterrmine, eigenstratdatabasetools, bamtools, jellyfish, vcftools, longranger, stacks, varscan2, snippy, bbmap, bismark, biscuit, hicexplorer, hicup, hicpro, salmon, kallisto, slamdunk, star, hisat2, tophat, bowtie2, bowtie1, snpsplit, odgi, pangolin, kat, leehom, adapterRemoval, clipandmerge, cutadapt, flexbar, kaiju, kraken, malt, trimmomatic, sickle, skewer, sortmerna, biobloomtools, fastq_screen, afterqc, fastp, fastqc, pychopper, pycoqc, minionqc, multivcfanalyzer, clusterflow, checkqc, bcl2fastq, bclconvert, interop, ivar, flash, seqyclean, optitype, whatshap
[2022-11-27 04:10:26,592] multiqc                                            [DEBUG  ]  Using temporary directory for creating report: /var/folders/d3/l5snwfsj7yb7zrln2fvzwpqr0000gn/T/tmpad6r5z72
[2022-11-27 04:10:26,704] multiqc                                            [INFO   ]  Search path : /Users/loictalignani/snakemake-models/shave2/results/00_Quality_Control/fastqc
[2022-11-27 04:10:26,704] multiqc                                            [INFO   ]  Search path : /Users/loictalignani/snakemake-models/shave2/results/00_Quality_Control/fastq-screen
[2022-11-27 04:10:26,724] multiqc                                            [DEBUG  ]  File ignored by ccs/v4 because it exceeded search pattern filesize limit: SRR1725027_R2_fastqc.html
[2022-11-27 04:10:26,724] multiqc                                            [DEBUG  ]  File ignored by hicexplorer because it exceeded search pattern filesize limit: SRR1725027_R2_fastqc.html
[2022-11-27 04:10:26,725] multiqc                                            [DEBUG  ]  File ignored by lima/summary because it exceeded search pattern filesize limit: SRR1725027_R2_fastqc.html
[2022-11-27 04:10:26,726] multiqc                                            [DEBUG  ]  File ignored by vep/vep_txt because it exceeded search pattern filesize limit: SRR1725027_R2_fastqc.html
[2022-11-27 04:10:26,726] multiqc                                            [DEBUG  ]  File ignored by longranger/invocation because it exceeded search pattern filesize limit: SRR1725027_R2_fastqc.html
[2022-11-27 04:10:26,726] multiqc                                            [DEBUG  ]  File ignored by rockhopper because it exceeded search pattern filesize limit: SRR1725027_R2_fastqc.html
[2022-11-27 04:10:26,726] multiqc                                            [DEBUG  ]  File ignored by rseqc/bam_stat because it exceeded search pattern filesize limit: SRR1725027_R2_fastqc.html
[2022-11-27 04:10:26,726] multiqc                                            [DEBUG  ]  File ignored by rseqc/junction_annotation because it exceeded search pattern filesize limit: SRR1725027_R2_fastqc.html
[2022-11-27 04:10:26,726] multiqc                                            [DEBUG  ]  File ignored by rseqc/read_distribution because it exceeded search pattern filesize limit: SRR1725027_R2_fastqc.html
[2022-11-27 04:10:26,726] multiqc                                            [DEBUG  ]  File ignored by rseqc/infer_experiment because it exceeded search pattern filesize limit: SRR1725027_R2_fastqc.html
[2022-11-27 04:10:26,772] multiqc                                            [DEBUG  ]  File ignored by nanostat because it exceeded search pattern filesize limit: SRR1725027_R2_fastqc.html
[2022-11-27 04:10:26,780] multiqc                                            [DEBUG  ]  File ignored by ccs/v4 because it exceeded search pattern filesize limit: SRR1725027_R1_fastqc.html
[2022-11-27 04:10:26,781] multiqc                                            [DEBUG  ]  File ignored by hicexplorer because it exceeded search pattern filesize limit: SRR1725027_R1_fastqc.html
[2022-11-27 04:10:26,781] multiqc                                            [DEBUG  ]  File ignored by lima/summary because it exceeded search pattern filesize limit: SRR1725027_R1_fastqc.html
[2022-11-27 04:10:26,782] multiqc                                            [DEBUG  ]  File ignored by vep/vep_txt because it exceeded search pattern filesize limit: SRR1725027_R1_fastqc.html
[2022-11-27 04:10:26,782] multiqc                                            [DEBUG  ]  File ignored by longranger/invocation because it exceeded search pattern filesize limit: SRR1725027_R1_fastqc.html
[2022-11-27 04:10:26,782] multiqc                                            [DEBUG  ]  File ignored by rockhopper because it exceeded search pattern filesize limit: SRR1725027_R1_fastqc.html
[2022-11-27 04:10:26,782] multiqc                                            [DEBUG  ]  File ignored by rseqc/bam_stat because it exceeded search pattern filesize limit: SRR1725027_R1_fastqc.html
[2022-11-27 04:10:26,782] multiqc                                            [DEBUG  ]  File ignored by rseqc/junction_annotation because it exceeded search pattern filesize limit: SRR1725027_R1_fastqc.html
[2022-11-27 04:10:26,782] multiqc                                            [DEBUG  ]  File ignored by rseqc/read_distribution because it exceeded search pattern filesize limit: SRR1725027_R1_fastqc.html
[2022-11-27 04:10:26,782] multiqc                                            [DEBUG  ]  File ignored by rseqc/infer_experiment because it exceeded search pattern filesize limit: SRR1725027_R1_fastqc.html
[2022-11-27 04:10:26,828] multiqc                                            [DEBUG  ]  File ignored by nanostat because it exceeded search pattern filesize limit: SRR1725027_R1_fastqc.html
[2022-11-27 04:10:26,841] multiqc                                            [DEBUG  ]  File ignored by ccs/v4 because it exceeded search pattern filesize limit: SRR1725027_R1_screen.html
[2022-11-27 04:10:26,841] multiqc                                            [DEBUG  ]  File ignored by hicexplorer because it exceeded search pattern filesize limit: SRR1725027_R1_screen.html
[2022-11-27 04:10:26,841] multiqc                                            [DEBUG  ]  File ignored by lima/summary because it exceeded search pattern filesize limit: SRR1725027_R1_screen.html
[2022-11-27 04:10:26,842] multiqc                                            [DEBUG  ]  File ignored by vep/vep_html because it exceeded search pattern filesize limit: SRR1725027_R1_screen.html
[2022-11-27 04:10:26,842] multiqc                                            [DEBUG  ]  File ignored by vep/vep_txt because it exceeded search pattern filesize limit: SRR1725027_R1_screen.html
[2022-11-27 04:10:26,842] multiqc                                            [DEBUG  ]  File ignored by longranger/invocation because it exceeded search pattern filesize limit: SRR1725027_R1_screen.html
[2022-11-27 04:10:26,842] multiqc                                            [DEBUG  ]  File ignored by rockhopper because it exceeded search pattern filesize limit: SRR1725027_R1_screen.html
[2022-11-27 04:10:26,842] multiqc                                            [DEBUG  ]  File ignored by rseqc/bam_stat because it exceeded search pattern filesize limit: SRR1725027_R1_screen.html
[2022-11-27 04:10:26,842] multiqc                                            [DEBUG  ]  File ignored by rseqc/junction_annotation because it exceeded search pattern filesize limit: SRR1725027_R1_screen.html
[2022-11-27 04:10:26,842] multiqc                                            [DEBUG  ]  File ignored by rseqc/read_distribution because it exceeded search pattern filesize limit: SRR1725027_R1_screen.html
[2022-11-27 04:10:26,843] multiqc                                            [DEBUG  ]  File ignored by rseqc/infer_experiment because it exceeded search pattern filesize limit: SRR1725027_R1_screen.html
[2022-11-27 04:10:26,847] multiqc                                            [DEBUG  ]  File ignored by stacks/sumstats because it exceeded search pattern filesize limit: SRR1725027_R1_screen.html
[2022-11-27 04:10:27,057] multiqc                                            [DEBUG  ]  File ignored by nanostat because it exceeded search pattern filesize limit: SRR1725027_R1_screen.html
[2022-11-27 04:10:27,077] multiqc                                            [DEBUG  ]  File ignored by ccs/v4 because it exceeded search pattern filesize limit: SRR1725027_R2_screen.html
[2022-11-27 04:10:27,078] multiqc                                            [DEBUG  ]  File ignored by hicexplorer because it exceeded search pattern filesize limit: SRR1725027_R2_screen.html
[2022-11-27 04:10:27,078] multiqc                                            [DEBUG  ]  File ignored by lima/summary because it exceeded search pattern filesize limit: SRR1725027_R2_screen.html
[2022-11-27 04:10:27,079] multiqc                                            [DEBUG  ]  File ignored by vep/vep_html because it exceeded search pattern filesize limit: SRR1725027_R2_screen.html
[2022-11-27 04:10:27,079] multiqc                                            [DEBUG  ]  File ignored by vep/vep_txt because it exceeded search pattern filesize limit: SRR1725027_R2_screen.html
[2022-11-27 04:10:27,079] multiqc                                            [DEBUG  ]  File ignored by longranger/invocation because it exceeded search pattern filesize limit: SRR1725027_R2_screen.html
[2022-11-27 04:10:27,079] multiqc                                            [DEBUG  ]  File ignored by rockhopper because it exceeded search pattern filesize limit: SRR1725027_R2_screen.html
[2022-11-27 04:10:27,079] multiqc                                            [DEBUG  ]  File ignored by rseqc/bam_stat because it exceeded search pattern filesize limit: SRR1725027_R2_screen.html
[2022-11-27 04:10:27,079] multiqc                                            [DEBUG  ]  File ignored by rseqc/junction_annotation because it exceeded search pattern filesize limit: SRR1725027_R2_screen.html
[2022-11-27 04:10:27,079] multiqc                                            [DEBUG  ]  File ignored by rseqc/read_distribution because it exceeded search pattern filesize limit: SRR1725027_R2_screen.html
[2022-11-27 04:10:27,079] multiqc                                            [DEBUG  ]  File ignored by rseqc/infer_experiment because it exceeded search pattern filesize limit: SRR1725027_R2_screen.html
[2022-11-27 04:10:27,083] multiqc                                            [DEBUG  ]  File ignored by stacks/sumstats because it exceeded search pattern filesize limit: SRR1725027_R2_screen.html
[2022-11-27 04:10:27,299] multiqc                                            [DEBUG  ]  File ignored by nanostat because it exceeded search pattern filesize limit: SRR1725027_R2_screen.html
[2022-11-27 04:10:28,922] multiqc.plots.bargraph                             [DEBUG  ]  Using matplotlib version 3.5.2
[2022-11-27 04:10:28,935] multiqc.modules.fastq_screen.fastq_screen          [INFO   ]  Found 2 reports
[2022-11-27 04:10:28,938] multiqc.plots.linegraph                            [DEBUG  ]  Using matplotlib version 3.5.2
[2022-11-27 04:10:28,961] multiqc.modules.fastqc.fastqc                      [INFO   ]  Found 2 reports
[2022-11-27 04:10:29,009] multiqc                                            [INFO   ]  Compressing plot data
[2022-11-27 04:10:29,033] multiqc                                            [INFO   ]  Report      : results/00_Quality_Control/multiqc/multiqc_report.html
[2022-11-27 04:10:29,033] multiqc                                            [INFO   ]  Data        : results/00_Quality_Control/multiqc/multiqc_data
[2022-11-27 04:10:29,033] multiqc                                            [DEBUG  ]  Moving data file from '/var/folders/d3/l5snwfsj7yb7zrln2fvzwpqr0000gn/T/tmpad6r5z72/multiqc_data' to 'results/00_Quality_Control/multiqc/multiqc_data'
[2022-11-27 04:10:29,093] multiqc                                            [INFO   ]  MultiQC complete
