[M::mem_pestat] analyzing insert size distribution for orientation FF...
[M::mem_pestat] (25, 50, 75) percentile: (62, 116, 251)
[M::mem_pestat] low and high boundaries for computing mean and std.dev: (1, 629)
[M::mem_pestat] mean and std.dev: (145.00, 97.92)
[M::mem_pestat] low and high boundaries for proper pairs: (1, 818)
[M::mem_pestat] analyzing insert size distribution for orientation FR...
[M::mem_pestat] (25, 50, 75) percentile: (90, 120, 161)
[M::mem_pestat] low and high boundaries for computing mean and std.dev: (1, 303)
[M::mem_pestat] mean and std.dev: (127.39, 50.30)
[M::mem_pestat] low and high boundaries for proper pairs: (1, 374)
[M::mem_pestat] skip orientation RF as there are not enough pairs
[M::mem_pestat] analyzing insert size distribution for orientation RR...
[M::mem_pestat] (25, 50, 75) percentile: (62, 144, 214)
[M::mem_pestat] low and high boundaries for computing mean and std.dev: (1, 518)
[M::mem_pestat] mean and std.dev: (154.20, 101.70)
[M::mem_pestat] low and high boundaries for proper pairs: (1, 670)
[M::mem_pestat] skip orientation FF
[M::mem_pestat] skip orientation RR
[main] Version: 0.7.17-r1188
[main] CMD: bwa mem -M -T 0 -t 8 -v 1 -R @RG\tID:ERR3343471\tSM:ERR3343471 resources/indexes/bwa/GCA_018104305.1_AalbF3_genomic.fasta results/01_Trimming/sickle/ERR3343471_sickle-trimmed_R1.fastq.gz results/01_Trimming/sickle/ERR3343471_sickle-trimmed_R2.fastq.gz
[main] Real time: 22.364 sec; CPU: 167.476 sec
