2022-11-25 09:32:14.576 java[61419:15973851] CoreText note: Client requested name ".NewYork-BoldG1", it will get Times-Roman rather than the intended font. All system UI font access should be through proper APIs such as CTFontCreateUIFontForLanguage() or +[NSFont systemFontOfSize:].
2022-11-25 09:32:14.576 java[61419:15973851] CoreText note: Set a breakpoint on CTFontLogSystemFontNameRequest to debug.
2022-11-25 09:32:14.585 java[61419:15973851] CoreText note: Client requested name ".NewYork-BoldG2", it will get Times-Roman rather than the intended font. All system UI font access should be through proper APIs such as CTFontCreateUIFontForLanguage() or +[NSFont systemFontOfSize:].
2022-11-25 09:32:14.591 java[61419:15973851] CoreText note: Client requested name ".NewYork-BoldG3", it will get Times-Roman rather than the intended font. All system UI font access should be through proper APIs such as CTFontCreateUIFontForLanguage() or +[NSFont systemFontOfSize:].
2022-11-25 09:32:14.596 java[61419:15973851] CoreText note: Client requested name ".NewYork-BoldG4", it will get Times-Roman rather than the intended font. All system UI font access should be through proper APIs such as CTFontCreateUIFontForLanguage() or +[NSFont systemFontOfSize:].
2022-11-25 09:32:14.602 java[61419:15973851] CoreText note: Client requested name ".NewYork-BoldItalicG1", it will get Times-Roman rather than the intended font. All system UI font access should be through proper APIs such as CTFontCreateUIFontForLanguage() or +[NSFont systemFontOfSize:].
2022-11-25 09:32:14.607 java[61419:15973851] CoreText note: Client requested name ".NewYork-BoldItalicG2", it will get Times-Roman rather than the intended font. All system UI font access should be through proper APIs such as CTFontCreateUIFontForLanguage() or +[NSFont systemFontOfSize:].
2022-11-25 09:32:14.613 java[61419:15973851] CoreText note: Client requested name ".NewYork-BoldItalicG3", it will get Times-Roman rather than the intended font. All system UI font access should be through proper APIs such as CTFontCreateUIFontForLanguage() or +[NSFont systemFontOfSize:].
2022-11-25 09:32:14.619 java[61419:15973851] CoreText note: Client requested name ".NewYork-BoldItalicG4", it will get Times-Roman rather than the intended font. All system UI font access should be through proper APIs such as CTFontCreateUIFontForLanguage() or +[NSFont systemFontOfSize:].
2022-11-25 09:32:14.625 java[61419:15973851] CoreText note: Client requested name ".NewYork-RegularG1", it will get Times-Roman rather than the intended font. All system UI font access should be through proper APIs such as CTFontCreateUIFontForLanguage() or +[NSFont systemFontOfSize:].
2022-11-25 09:32:14.630 java[61419:15973851] CoreText note: Client requested name ".NewYork-RegularG2", it will get Times-Roman rather than the intended font. All system UI font access should be through proper APIs such as CTFontCreateUIFontForLanguage() or +[NSFont systemFontOfSize:].
2022-11-25 09:32:14.635 java[61419:15973851] CoreText note: Client requested name ".NewYork-RegularG3", it will get Times-Roman rather than the intended font. All system UI font access should be through proper APIs such as CTFontCreateUIFontForLanguage() or +[NSFont systemFontOfSize:].
2022-11-25 09:32:14.641 java[61419:15973851] CoreText note: Client requested name ".NewYork-RegularG4", it will get Times-Roman rather than the intended font. All system UI font access should be through proper APIs such as CTFontCreateUIFontForLanguage() or +[NSFont systemFontOfSize:].
2022-11-25 09:32:14.646 java[61419:15973851] CoreText note: Client requested name ".NewYork-RegularItalicG1", it will get Times-Roman rather than the intended font. All system UI font access should be through proper APIs such as CTFontCreateUIFontForLanguage() or +[NSFont systemFontOfSize:].
2022-11-25 09:32:14.651 java[61419:15973851] CoreText note: Client requested name ".NewYork-RegularItalicG2", it will get Times-Roman rather than the intended font. All system UI font access should be through proper APIs such as CTFontCreateUIFontForLanguage() or +[NSFont systemFontOfSize:].
2022-11-25 09:32:14.656 java[61419:15973851] CoreText note: Client requested name ".NewYork-RegularItalicG3", it will get Times-Roman rather than the intended font. All system UI font access should be through proper APIs such as CTFontCreateUIFontForLanguage() or +[NSFont systemFontOfSize:].
2022-11-25 09:32:14.662 java[61419:15973851] CoreText note: Client requested name ".NewYork-RegularItalicG4", it will get Times-Roman rather than the intended font. All system UI font access should be through proper APIs such as CTFontCreateUIFontForLanguage() or +[NSFont systemFontOfSize:].
2022-11-25 09:32:14.667 java[61419:15973851] CoreText note: Client requested name ".SFArabic-Black", it will get Times-Roman rather than the intended font. All system UI font access should be through proper APIs such as CTFontCreateUIFontForLanguage() or +[NSFont systemFontOfSize:].
2022-11-25 09:32:14.673 java[61419:15973851] CoreText note: Client requested name ".SFArabic-Bold", it will get Times-Roman rather than the intended font. All system UI font access should be through proper APIs such as CTFontCreateUIFontForLanguage() or +[NSFont systemFontOfSize:].
2022-11-25 09:32:14.678 java[61419:15973851] CoreText note: Client requested name ".SFArabic-Heavy", it will get Times-Roman rather than the intended font. All system UI font access should be through proper APIs such as CTFontCreateUIFontForLanguage() or +[NSFont systemFontOfSize:].
2022-11-25 09:32:14.684 java[61419:15973851] CoreText note: Client requested name ".SFArabic-Light", it will get Times-Roman rather than the intended font. All system UI font access should be through proper APIs such as CTFontCreateUIFontForLanguage() or +[NSFont systemFontOfSize:].
2022-11-25 09:32:14.689 java[61419:15973851] CoreText note: Client requested name ".SFArabic-Medium", it will get Times-Roman rather than the intended font. All system UI font access should be through proper APIs such as CTFontCreateUIFontForLanguage() or +[NSFont systemFontOfSize:].
2022-11-25 09:32:14.694 java[61419:15973851] CoreText note: Client requested name ".SFArabic-Regular", it will get Times-Roman rather than the intended font. All system UI font access should be through proper APIs such as CTFontCreateUIFontForLanguage() or +[NSFont systemFontOfSize:].
2022-11-25 09:32:14.700 java[61419:15973851] CoreText note: Client requested name ".SFArabic-Semibold", it will get Times-Roman rather than the intended font. All system UI font access should be through proper APIs such as CTFontCreateUIFontForLanguage() or +[NSFont systemFontOfSize:].
2022-11-25 09:32:14.705 java[61419:15973851] CoreText note: Client requested name ".SFArabic-Thin", it will get Times-Roman rather than the intended font. All system UI font access should be through proper APIs such as CTFontCreateUIFontForLanguage() or +[NSFont systemFontOfSize:].
2022-11-25 09:32:14.710 java[61419:15973851] CoreText note: Client requested name ".SFArabic-Ultralight", it will get Times-Roman rather than the intended font. All system UI font access should be through proper APIs such as CTFontCreateUIFontForLanguage() or +[NSFont systemFontOfSize:].
