This is cutadapt 4.1 with Python 3.9.13
Command line parameters: --cores 8 --trim-n --minimum-length 50 --adapter AGATCGGAAGAGC -A AGATCGGAAGAGC --adapter CTGTCTCTTATACACATC -A CTGTCTCTTATACACATC --adapter TGGAATTCTCGGGTGCCAAGG -A TGGAATTCTCGGGTGCCAAGG --output results/01_Trimming/cutadapt/ERR3343471_cutadapt-removed_R1.fastq.gz --paired-output results/01_Trimming/cutadapt/ERR3343471_cutadapt-removed_R2.fastq.gz resources/reads/ERR3343471_R1.fastq.gz resources/reads/ERR3343471_R2.fastq.gz
Processing paired-end reads on 8 cores ...
Finished in 1.94 s (9 µs/read; 6.44 M reads/minute).

=== Summary ===

Total read pairs processed:            208,469
  Read 1 with adapter:                  12,252 (5.9%)
  Read 2 with adapter:                  11,994 (5.8%)

== Read fate breakdown ==
Pairs that were too short:               7,598 (3.6%)
Pairs written (passing filters):       200,871 (96.4%)

Total basepairs processed:    51,109,185 bp
  Read 1:    25,536,078 bp
  Read 2:    25,573,107 bp
Total written (filtered):     50,348,921 bp (98.5%)
  Read 1:    25,156,523 bp
  Read 2:    25,192,398 bp

=== First read: Adapter 1 ===

Sequence: AGATCGGAAGAGC; Type: regular 3'; Length: 13; Trimmed: 4082 times

Minimum overlap: 3
No. of allowed errors:
1-9 bp: 0; 10-13 bp: 1

Bases preceding removed adapters:
  A: 27.1%
  C: 19.5%
  G: 32.4%
  T: 21.0%
  none/other: 0.0%

Overview of removed sequences
length	count	expect	max.err	error counts
3	2633	3257.3	0	2633
4	1037	814.3	0	1037
5	266	203.6	0	266
6	26	50.9	0	26
7	20	12.7	0	20
9	3	0.8	0	0 3
10	33	0.2	1	0 33
11	14	0.0	1	0 14
12	3	0.0	1	0 3
17	1	0.0	1	0 1
22	1	0.0	1	0 1
28	1	0.0	1	0 1
32	1	0.0	1	0 1
33	2	0.0	1	0 2
40	2	0.0	1	0 2
50	3	0.0	1	0 3
54	2	0.0	1	0 2
55	1	0.0	1	0 1
56	1	0.0	1	0 1
60	1	0.0	1	0 1
61	1	0.0	1	0 1
66	1	0.0	1	0 1
69	2	0.0	1	0 2
71	1	0.0	1	0 1
72	3	0.0	1	0 3
73	2	0.0	1	0 2
75	1	0.0	1	0 1
77	1	0.0	1	0 1
81	1	0.0	1	0 1
83	1	0.0	1	0 1
84	3	0.0	1	0 3
89	2	0.0	1	0 2
91	2	0.0	1	0 2
94	1	0.0	1	0 1
96	2	0.0	1	0 2
100	1	0.0	1	0 1
102	4	0.0	1	0 4
137	1	0.0	1	0 1
143	1	0.0	1	0 1


=== First read: Adapter 2 ===

Sequence: CTGTCTCTTATACACATC; Type: regular 3'; Length: 18; Trimmed: 2877 times

Minimum overlap: 3
No. of allowed errors:
1-9 bp: 0; 10-18 bp: 1

Bases preceding removed adapters:
  A: 20.9%
  C: 12.4%
  G: 47.0%
  T: 19.6%
  none/other: 0.0%

Overview of removed sequences
length	count	expect	max.err	error counts
3	2329	3257.3	0	2329
4	258	814.3	0	258
5	47	203.6	0	47
6	42	50.9	0	42
7	23	12.7	0	23
8	4	3.2	0	4
9	1	0.8	0	0 1
10	1	0.2	1	0 1
12	1	0.0	1	0 1
13	2	0.0	1	0 2
16	2	0.0	1	1 1
18	3	0.0	1	0 3
19	2	0.0	1	0 2
20	2	0.0	1	0 2
21	1	0.0	1	0 1
23	3	0.0	1	0 3
24	3	0.0	1	0 3
25	2	0.0	1	0 2
26	4	0.0	1	0 4
27	1	0.0	1	0 1
28	1	0.0	1	0 1
29	3	0.0	1	0 3
30	2	0.0	1	0 2
32	1	0.0	1	0 1
33	1	0.0	1	0 1
34	4	0.0	1	0 4
36	2	0.0	1	0 2
37	1	0.0	1	0 1
38	4	0.0	1	0 4
39	3	0.0	1	0 3
40	2	0.0	1	0 2
41	1	0.0	1	0 1
42	5	0.0	1	0 5
43	3	0.0	1	0 3
44	1	0.0	1	0 1
47	1	0.0	1	0 1
49	4	0.0	1	0 4
50	3	0.0	1	0 3
51	3	0.0	1	0 3
52	5	0.0	1	0 5
53	2	0.0	1	0 2
54	1	0.0	1	0 1
55	2	0.0	1	0 2
58	3	0.0	1	0 3
59	1	0.0	1	0 1
60	5	0.0	1	0 5
63	1	0.0	1	0 1
64	1	0.0	1	0 1
65	1	0.0	1	0 1
66	1	0.0	1	0 1
67	1	0.0	1	0 1
68	1	0.0	1	0 1
69	1	0.0	1	0 1
71	4	0.0	1	0 4
72	3	0.0	1	0 3
73	2	0.0	1	0 2
74	1	0.0	1	0 1
75	2	0.0	1	0 2
76	2	0.0	1	0 2
77	6	0.0	1	0 6
78	2	0.0	1	0 2
79	1	0.0	1	0 1
81	1	0.0	1	0 1
82	4	0.0	1	0 4
84	2	0.0	1	0 2
86	3	0.0	1	0 3
88	1	0.0	1	0 1
89	3	0.0	1	0 3
91	1	0.0	1	0 1
92	4	0.0	1	0 4
93	1	0.0	1	0 1
94	3	0.0	1	0 3
95	3	0.0	1	0 3
96	1	0.0	1	0 1
97	1	0.0	1	0 1
98	1	0.0	1	0 1
100	2	0.0	1	0 2
101	1	0.0	1	0 1
102	5	0.0	1	0 5
103	1	0.0	1	0 1
104	3	0.0	1	0 3
105	3	0.0	1	0 3
107	1	0.0	1	0 1
109	1	0.0	1	0 1
111	1	0.0	1	0 1
114	1	0.0	1	0 1
116	2	0.0	1	0 2
121	1	0.0	1	0 1
124	1	0.0	1	0 1


=== First read: Adapter 3 ===

Sequence: TGGAATTCTCGGGTGCCAAGG; Type: regular 3'; Length: 21; Trimmed: 5293 times

Minimum overlap: 3
No. of allowed errors:
1-9 bp: 0; 10-19 bp: 1; 20-21 bp: 2

Bases preceding removed adapters:
  A: 28.2%
  C: 20.2%
  G: 20.4%
  T: 31.2%
  none/other: 0.0%

Overview of removed sequences
length	count	expect	max.err	error counts
3	3650	3257.3	0	3650
4	1121	814.3	0	1121
5	409	203.6	0	409
6	107	50.9	0	107
7	3	12.7	0	3
8	1	3.2	0	1
10	1	0.2	1	0 1
11	1	0.0	1	0 1


=== Second read: Adapter 4 ===

Sequence: AGATCGGAAGAGC; Type: regular 3'; Length: 13; Trimmed: 3879 times

Minimum overlap: 3
No. of allowed errors:
1-9 bp: 0; 10-13 bp: 1

Bases preceding removed adapters:
  A: 28.2%
  C: 20.8%
  G: 30.3%
  T: 20.6%
  none/other: 0.0%

Overview of removed sequences
length	count	expect	max.err	error counts
3	2492	3257.3	0	2492
4	1038	814.3	0	1038
5	247	203.6	0	247
6	24	50.9	0	24
7	10	12.7	0	10
8	1	3.2	0	1
9	1	0.8	0	0 1
10	12	0.2	1	0 12
11	9	0.0	1	0 9
13	2	0.0	1	0 2
14	1	0.0	1	0 1
17	1	0.0	1	0 1
27	1	0.0	1	0 1
28	2	0.0	1	0 2
31	1	0.0	1	0 1
32	2	0.0	1	0 2
33	1	0.0	1	0 1
37	1	0.0	1	0 1
39	1	0.0	1	0 1
40	1	0.0	1	0 1
42	1	0.0	1	0 1
44	1	0.0	1	0 1
48	1	0.0	1	0 1
56	1	0.0	1	0 1
57	1	0.0	1	0 1
60	1	0.0	1	0 1
62	1	0.0	1	0 1
69	1	0.0	1	0 1
71	1	0.0	1	0 1
72	1	0.0	1	0 1
78	2	0.0	1	0 2
80	1	0.0	1	0 1
81	1	0.0	1	0 1
82	1	0.0	1	0 1
83	1	0.0	1	0 1
84	4	0.0	1	0 4
93	1	0.0	1	0 1
95	1	0.0	1	0 1
96	1	0.0	1	0 1
100	1	0.0	1	0 1
104	1	0.0	1	0 1
128	1	0.0	1	0 1
129	1	0.0	1	0 1
131	1	0.0	1	0 1
134	2	0.0	1	0 2
143	1	0.0	1	0 1


=== Second read: Adapter 5 ===

Sequence: CTGTCTCTTATACACATC; Type: regular 3'; Length: 18; Trimmed: 2817 times

Minimum overlap: 3
No. of allowed errors:
1-9 bp: 0; 10-18 bp: 1

Bases preceding removed adapters:
  A: 21.0%
  C: 12.5%
  G: 46.2%
  T: 20.3%
  none/other: 0.0%

Overview of removed sequences
length	count	expect	max.err	error counts
3	2287	3257.3	0	2287
4	224	814.3	0	224
5	67	203.6	0	67
6	39	50.9	0	39
7	26	12.7	0	26
8	2	3.2	0	2
10	3	0.2	1	0 3
11	4	0.0	1	0 4
12	1	0.0	1	0 1
13	2	0.0	1	0 2
16	3	0.0	1	1 2
18	3	0.0	1	0 3
19	3	0.0	1	0 3
20	2	0.0	1	0 2
21	2	0.0	1	0 2
22	4	0.0	1	0 4
23	2	0.0	1	0 2
24	3	0.0	1	0 3
26	1	0.0	1	0 1
27	3	0.0	1	0 3
29	2	0.0	1	0 2
30	3	0.0	1	0 3
31	1	0.0	1	0 1
32	1	0.0	1	0 1
33	2	0.0	1	0 2
34	2	0.0	1	0 2
35	1	0.0	1	0 1
36	3	0.0	1	0 3
38	2	0.0	1	0 2
39	2	0.0	1	0 2
40	1	0.0	1	0 1
42	1	0.0	1	0 1
44	5	0.0	1	0 5
45	4	0.0	1	0 4
46	2	0.0	1	0 2
48	3	0.0	1	0 3
49	3	0.0	1	0 3
50	4	0.0	1	0 4
52	2	0.0	1	0 2
54	5	0.0	1	0 5
55	1	0.0	1	0 1
56	1	0.0	1	0 1
57	1	0.0	1	0 1
58	1	0.0	1	0 1
59	2	0.0	1	0 2
60	1	0.0	1	0 1
61	4	0.0	1	0 4
62	1	0.0	1	0 1
63	3	0.0	1	0 3
64	3	0.0	1	0 3
66	2	0.0	1	0 2
67	3	0.0	1	0 3
68	2	0.0	1	0 2
69	1	0.0	1	0 1
70	1	0.0	1	0 1
71	3	0.0	1	0 3
72	1	0.0	1	0 1
73	2	0.0	1	0 2
75	1	0.0	1	0 1
76	6	0.0	1	0 6
77	1	0.0	1	0 1
78	1	0.0	1	0 1
79	4	0.0	1	0 4
81	1	0.0	1	0 1
82	1	0.0	1	0 1
83	2	0.0	1	0 2
84	2	0.0	1	0 2
85	3	0.0	1	0 3
87	2	0.0	1	0 2
88	2	0.0	1	0 2
91	1	0.0	1	0 1
93	2	0.0	1	0 2
94	1	0.0	1	0 1
95	1	0.0	1	0 1
97	1	0.0	1	0 1
98	2	0.0	1	0 2
100	1	0.0	1	0 1
102	1	0.0	1	0 1
103	2	0.0	1	0 2
104	2	0.0	1	0 2
106	4	0.0	1	0 4
107	2	0.0	1	0 2
109	1	0.0	1	0 1
111	3	0.0	1	0 3
114	3	0.0	1	0 3
120	1	0.0	1	0 1


=== Second read: Adapter 6 ===

Sequence: TGGAATTCTCGGGTGCCAAGG; Type: regular 3'; Length: 21; Trimmed: 5298 times

Minimum overlap: 3
No. of allowed errors:
1-9 bp: 0; 10-19 bp: 1; 20-21 bp: 2

Bases preceding removed adapters:
  A: 29.9%
  C: 19.8%
  G: 21.5%
  T: 28.8%
  none/other: 0.0%

Overview of removed sequences
length	count	expect	max.err	error counts
3	3676	3257.3	0	3676
4	1097	814.3	0	1097
5	403	203.6	0	403
6	105	50.9	0	105
7	13	12.7	0	13
8	3	3.2	0	3
9	1	0.8	0	0 1
