                        Brand(R) | Type(R) | Model | @ Speed GHz
Chip Model Name _______ Apple M1 Pro
Physical CPUs _________  10 cores
Logical CPUs __________ 10 threads
System Memory _________ 32 Gb of RAM
Working Directory _____ /Users/loictalignani/snakemake-models/shave2/
Samples Processed _____ 1 samples (2 fastq files)
Maximum Threads _______ 8 of 10 threads available
Maximum Memory ________ 16 of 32 Gb available
Genome Reference ______ 
Aligner _______________ 
Min. Coverage _________ 10
Min. Allele Frequency _ 0.1
Start Time ____________ 2022-11-25 16:03
                        Brand(R) | Type(R) | Model | @ Speed GHz
Chip Model Name _______ Apple M1 Pro
Physical CPUs _________  10 cores
Logical CPUs __________ 10 threads
System Memory _________ 32 Gb of RAM
Working Directory _____ /Users/loictalignani/snakemake-models/shave2/
Samples Processed _____ 1 samples (2 fastq files)
Maximum Threads _______ 8 of 10 threads available
Maximum Memory ________ 16 of 32 Gb available
Genome Reference ______ 
Aligner _______________ 
Min. Coverage _________ 10
Min. Allele Frequency _ 0.1
Start Time ____________ 2022-11-27 04:09
                        Brand(R) | Type(R) | Model | @ Speed GHz
Chip Model Name _______ Apple M1 Pro
Physical CPUs _________  10 cores
Logical CPUs __________ 10 threads
System Memory _________ 32 Gb of RAM
Working Directory _____ /Users/loictalignani/snakemake-models/shave2/
Samples Processed _____ 1 samples (2 fastq files)
Maximum Threads _______ 8 of 10 threads available
Maximum Memory ________ 16 of 32 Gb available
Genome Reference ______ 
Aligner _______________ 
Min. Coverage _________ 10
Min. Allele Frequency _ 0.1
Start Time ____________ 2022-11-27 04:12
